
jeu_marmotte: system execution failed.
Following is the set of recorded exceptions:

-------------------------------------------------------------------------------
Class / Object      Routine                Nature of exception           Effect
-------------------------------------------------------------------------------
SQLITE_MODIFY_STATEMENT
                    execute_internal @3    is_compiled:
<0000000002DB0E64>  (From SQLITE_STATEMENT)
                                           Precondition violated.        Fail
-------------------------------------------------------------------------------
SQLITE_MODIFY_STATEMENT
                    execute @6             
<0000000002DB0E64>                         Routine failure.              Fail
-------------------------------------------------------------------------------
DATABASE            make @11                                            
<0000000002DB05B8>                         Routine failure.              Fail
-------------------------------------------------------------------------------
MARTEAU             make @15                                            
<0000000002DB04F8>                         Routine failure.              Fail
-------------------------------------------------------------------------------
GAMES               make @7                                             
<0000000002DB0420>                         Routine failure.              Fail
-------------------------------------------------------------------------------
GAMES               root's creation                                     
<0000000002DB0420>                         Routine failure.              Exit
-------------------------------------------------------------------------------
